<?xml version="1.0" encoding="UTF-8"?>
<!-- Generated by org.testng.reporters.JUnitXMLReporter -->
<testsuite ignored="1" hostname="DESKTOP-IIQ328S" failures="0" tests="11" name="testngtest" time="33.762" errors="0" timestamp="2022-07-22T17:52:12 IST">
  <testcase classname="TestNG.Dependencyexample" name="siva" time="0.019"/>
  <testcase classname="TestNG.Dependencyexample" name="kani" time="0.003"/>
  <testcase classname="TestNG.Dependencyexample" name="dinesh" time="0.003"/>
  <testcase classname="TestNG.PriorityExample" name="siva" time="0.002"/>
  <testcase classname="TestNG.PriorityExample" name="kani" time="0.003"/>
  <testcase classname="TestNG.PriorityExample" name="dinesh" time="0.012"/>
  <testcase classname="TestNG.Skiptestcase" name="siva" time="0.007"/>
  <testcase classname="TestNG.Skiptestcase" name="dinesh" time="0.008"/>
  <testcase classname="TestNG.SuiteExample" name="DragandDrop" time="8.625"/>
  <testcase classname="TestNG.SuiteExample" name="GetTooltipName" time="5.218"/>
  <testcase classname="TestNG.SuiteExample" name="Radiobutton" time="19.564"/>
  <testcase classname="TestNG.Skiptestcase" name="kani" time="0.0">
    <ignored/>
  </testcase> <!-- kani -->
</testsuite> <!-- testngtest -->
