<?xml version="1.0" encoding="UTF-8"?>
<testng-results ignored="0" total="2" passed="2" failed="0" skipped="0">
  <reporter-output>
  </reporter-output>
  <suite started-at="2022-08-01T14:15:24 IST" name="Suite" finished-at="2022-08-01T14:18:20 IST" duration-ms="176066">
    <groups>
    </groups>
    <test started-at="2022-08-01T14:15:24 IST" name="chrome" finished-at="2022-08-01T14:17:04 IST" duration-ms="99624">
      <class name="TestNG.CrossBrowser">
        <test-method signature="Chrome(java.lang.String)[pri:0, instance:TestNG.CrossBrowser@27ce24aa]" started-at="2022-08-01T14:15:24 IST" name="Chrome" finished-at="2022-08-01T14:17:04 IST" duration-ms="99497" status="PASS">
          <params>
            <param index="0">
              <value>
                <![CDATA[chrome]]>
              </value>
            </param>
          </params>
          <reporter-output>
          </reporter-output>
        </test-method> <!-- Chrome -->
      </class> <!-- TestNG.CrossBrowser -->
    </test> <!-- chrome -->
    <test started-at="2022-08-01T14:17:04 IST" name="firefox" finished-at="2022-08-01T14:18:20 IST" duration-ms="75634">
      <class name="TestNG.CrossBrowser">
        <test-method signature="Chrome(java.lang.String)[pri:0, instance:TestNG.CrossBrowser@12468a38]" started-at="2022-08-01T14:17:04 IST" name="Chrome" finished-at="2022-08-01T14:18:20 IST" duration-ms="75615" status="PASS">
          <params>
            <param index="0">
              <value>
                <![CDATA[firefox]]>
              </value>
            </param>
          </params>
          <reporter-output>
          </reporter-output>
        </test-method> <!-- Chrome -->
      </class> <!-- TestNG.CrossBrowser -->
    </test> <!-- firefox -->
  </suite> <!-- Suite -->
</testng-results>
