<?xml version="1.0" encoding="UTF-8"?>
<!-- Generated by org.testng.reporters.JUnitXMLReporter -->
<testsuite ignored="1" hostname="DESKTOP-IIQ328S" failures="0" tests="11" name="testngtest" time="41.326" errors="0" timestamp="2022-07-23T14:16:36 IST">
  <testcase classname="TestNG.PriorityExample" name="siva" time="0.013"/>
  <testcase classname="TestNG.PriorityExample" name="kani" time="0.003"/>
  <testcase classname="TestNG.PriorityExample" name="dinesh" time="0.002"/>
  <testcase classname="TestNG.Skiptestcase" name="siva" time="0.003"/>
  <testcase classname="TestNG.Skiptestcase" name="dinesh" time="0.002"/>
  <testcase classname="TestNG.Dependencyexample" name="siva" time="0.011"/>
  <testcase classname="TestNG.Dependencyexample" name="kani" time="0.002"/>
  <testcase classname="TestNG.Dependencyexample" name="dinesh" time="0.005"/>
  <testcase classname="TestNG.SuiteExample" name="DragandDrop" time="11.624"/>
  <testcase classname="TestNG.SuiteExample" name="GetTooltipName" time="7.428"/>
  <testcase classname="TestNG.SuiteExample" name="Radiobutton" time="21.897"/>
  <testcase classname="TestNG.Skiptestcase" name="kani" time="0.0">
    <ignored/>
  </testcase> <!-- kani -->
</testsuite> <!-- testngtest -->
